<?xml version="1.0" encoding="UTF-8"?>
<testsuite name="com.kenzie.appserver.service.ExampleServiceTest" tests="2" skipped="0" failures="0" errors="0" timestamp="2022-10-05T22:59:32" hostname="Mikes-MBP.lan" time="0.28">
  <properties/>
  <testcase name="findById()" classname="com.kenzie.appserver.service.ExampleServiceTest" time="0.277"/>
  <testcase name="findByConcertId_invalid()" classname="com.kenzie.appserver.service.ExampleServiceTest" time="0.002"/>
  <system-out><![CDATA[]]></system-out>
  <system-err><![CDATA[]]></system-err>
</testsuite>
