<?xml version="1.0" encoding="UTF-8"?>
<testsuite name="com.kenzie.appserver.controller.ExampleControllerTest" tests="2" skipped="0" failures="0" errors="0" timestamp="2022-10-05T23:00:06" hostname="Mikes-MBP.lan" time="0.067">
  <properties/>
  <testcase name="createExample_CreateSuccessful()" classname="com.kenzie.appserver.controller.ExampleControllerTest" time="0.027"/>
  <testcase name="getById_Exists()" classname="com.kenzie.appserver.controller.ExampleControllerTest" time="0.038"/>
  <system-out><![CDATA[2022-10-05 19:00:06  INFO  AbstractContextLoader - Could not detect default resource locations for test class [com.kenzie.appserver.controller.ExampleControllerTest]: no resource found for suffixes {-context.xml, Context.groovy}.
2022-10-05 19:00:06  INFO  AnnotationConfigContextLoaderUtils - Could not detect default configuration classes for test class [com.kenzie.appserver.controller.ExampleControllerTest]: ExampleControllerTest does not declare any static, non-private, non-final, nested classes annotated with @Configuration.
2022-10-05 19:00:06  INFO  SpringBootTestContextBootstrapper - Found @SpringBootConfiguration com.kenzie.appserver.Application for test class com.kenzie.appserver.controller.ExampleControllerTest
2022-10-05 19:00:06  INFO  SpringBootTestContextBootstrapper - Loaded default TestExecutionListener class names from location [META-INF/spring.factories]: [org.springframework.boot.test.autoconfigure.restdocs.RestDocsTestExecutionListener, org.springframework.boot.test.autoconfigure.web.client.MockRestServiceServerResetTestExecutionListener, org.springframework.boot.test.autoconfigure.web.servlet.MockMvcPrintOnlyOnFailureTestExecutionListener, org.springframework.boot.test.autoconfigure.web.servlet.WebDriverTestExecutionListener, org.springframework.boot.test.autoconfigure.webservices.client.MockWebServiceServerTestExecutionListener, org.springframework.boot.test.mock.mockito.MockitoTestExecutionListener, org.springframework.boot.test.mock.mockito.ResetMocksTestExecutionListener, org.springframework.test.context.web.ServletTestExecutionListener, org.springframework.test.context.support.DirtiesContextBeforeModesTestExecutionListener, org.springframework.test.context.event.ApplicationEventsTestExecutionListener, org.springframework.test.context.support.DependencyInjectionTestExecutionListener, org.springframework.test.context.support.DirtiesContextTestExecutionListener, org.springframework.test.context.transaction.TransactionalTestExecutionListener, org.springframework.test.context.jdbc.SqlScriptsTestExecutionListener, org.springframework.test.context.event.EventPublishingTestExecutionListener]
2022-10-05 19:00:06  INFO  SpringBootTestContextBootstrapper - Using TestExecutionListeners: [org.springframework.test.context.web.ServletTestExecutionListener@36fe4677, org.springframework.test.context.support.DirtiesContextBeforeModesTestExecutionListener@5c499121, org.springframework.test.context.event.ApplicationEventsTestExecutionListener@6fcce57c, org.springframework.boot.test.mock.mockito.MockitoTestExecutionListener@3e268494, org.springframework.boot.test.autoconfigure.SpringBootDependencyInjectionTestExecutionListener@7aafa0d9, org.springframework.test.context.support.DirtiesContextTestExecutionListener@6affe634, org.springframework.test.context.transaction.TransactionalTestExecutionListener@62100912, org.springframework.test.context.jdbc.SqlScriptsTestExecutionListener@689823e0, org.springframework.test.context.event.EventPublishingTestExecutionListener@6fb6ff42, org.springframework.boot.test.autoconfigure.restdocs.RestDocsTestExecutionListener@7aed7ac6, org.springframework.boot.test.autoconfigure.web.client.MockRestServiceServerResetTestExecutionListener@1857a410, org.springframework.boot.test.autoconfigure.web.servlet.MockMvcPrintOnlyOnFailureTestExecutionListener@31f903d9, org.springframework.boot.test.autoconfigure.web.servlet.WebDriverTestExecutionListener@696da64b, org.springframework.boot.test.autoconfigure.webservices.client.MockWebServiceServerTestExecutionListener@78c7caea, org.springframework.boot.test.mock.mockito.ResetMocksTestExecutionListener@5d1596c6]
]]></system-out>
  <system-err><![CDATA[]]></system-err>
</testsuite>
