<?xml version="1.0" encoding="UTF-8"?>
<testsuite name="com.kenzie.appserver.controller.CommentControllerTest" tests="4" skipped="0" failures="0" errors="0" timestamp="2022-10-05T23:00:06" hostname="Mikes-MBP.lan" time="0.022">
  <properties/>
  <testcase name="deleteComment_commentExistsValidRequest_deleteSuccessful()" classname="com.kenzie.appserver.controller.CommentControllerTest" time="0.003"/>
  <testcase name="createComment_taskExists_createSuccessful()" classname="com.kenzie.appserver.controller.CommentControllerTest" time="0.005"/>
  <testcase name="createComment_invalidFields_badRequestReturned()" classname="com.kenzie.appserver.controller.CommentControllerTest" time="0.004"/>
  <testcase name="getCommentById_commentExists_createSuccessful()" classname="com.kenzie.appserver.controller.CommentControllerTest" time="0.004"/>
  <system-out><![CDATA[2022-10-05 19:00:06  INFO  AbstractContextLoader - Could not detect default resource locations for test class [com.kenzie.appserver.controller.CommentControllerTest]: no resource found for suffixes {-context.xml, Context.groovy}.
2022-10-05 19:00:06  INFO  AnnotationConfigContextLoaderUtils - Could not detect default configuration classes for test class [com.kenzie.appserver.controller.CommentControllerTest]: CommentControllerTest does not declare any static, non-private, non-final, nested classes annotated with @Configuration.
2022-10-05 19:00:06  INFO  SpringBootTestContextBootstrapper - Found @SpringBootConfiguration com.kenzie.appserver.Application for test class com.kenzie.appserver.controller.CommentControllerTest
2022-10-05 19:00:06  INFO  SpringBootTestContextBootstrapper - Loaded default TestExecutionListener class names from location [META-INF/spring.factories]: [org.springframework.boot.test.autoconfigure.restdocs.RestDocsTestExecutionListener, org.springframework.boot.test.autoconfigure.web.client.MockRestServiceServerResetTestExecutionListener, org.springframework.boot.test.autoconfigure.web.servlet.MockMvcPrintOnlyOnFailureTestExecutionListener, org.springframework.boot.test.autoconfigure.web.servlet.WebDriverTestExecutionListener, org.springframework.boot.test.autoconfigure.webservices.client.MockWebServiceServerTestExecutionListener, org.springframework.boot.test.mock.mockito.MockitoTestExecutionListener, org.springframework.boot.test.mock.mockito.ResetMocksTestExecutionListener, org.springframework.test.context.web.ServletTestExecutionListener, org.springframework.test.context.support.DirtiesContextBeforeModesTestExecutionListener, org.springframework.test.context.event.ApplicationEventsTestExecutionListener, org.springframework.test.context.support.DependencyInjectionTestExecutionListener, org.springframework.test.context.support.DirtiesContextTestExecutionListener, org.springframework.test.context.transaction.TransactionalTestExecutionListener, org.springframework.test.context.jdbc.SqlScriptsTestExecutionListener, org.springframework.test.context.event.EventPublishingTestExecutionListener]
2022-10-05 19:00:06  INFO  SpringBootTestContextBootstrapper - Using TestExecutionListeners: [org.springframework.test.context.web.ServletTestExecutionListener@2b61d914, org.springframework.test.context.support.DirtiesContextBeforeModesTestExecutionListener@3aa426e4, org.springframework.test.context.event.ApplicationEventsTestExecutionListener@3a827890, org.springframework.boot.test.mock.mockito.MockitoTestExecutionListener@224b8442, org.springframework.boot.test.autoconfigure.SpringBootDependencyInjectionTestExecutionListener@7c75066, org.springframework.test.context.support.DirtiesContextTestExecutionListener@1c4fc57c, org.springframework.test.context.transaction.TransactionalTestExecutionListener@35a0789d, org.springframework.test.context.jdbc.SqlScriptsTestExecutionListener@4bb793ff, org.springframework.test.context.event.EventPublishingTestExecutionListener@76ceae8f, org.springframework.boot.test.autoconfigure.restdocs.RestDocsTestExecutionListener@14c8f10f, org.springframework.boot.test.autoconfigure.web.client.MockRestServiceServerResetTestExecutionListener@221a179b, org.springframework.boot.test.autoconfigure.web.servlet.MockMvcPrintOnlyOnFailureTestExecutionListener@5545504c, org.springframework.boot.test.autoconfigure.web.servlet.WebDriverTestExecutionListener@567c36bd, org.springframework.boot.test.autoconfigure.webservices.client.MockWebServiceServerTestExecutionListener@5efe5f4, org.springframework.boot.test.mock.mockito.ResetMocksTestExecutionListener@77bb8c1d]
]]></system-out>
  <system-err><![CDATA[]]></system-err>
</testsuite>
